<?xml version="1.0" encoding="UTF-8"?>
<testsuite name="Teste" time="0.328" tests="46" errors="10" skipped="0" failures="30">
  <properties>
    <property name="java.runtime.name" value="Java(TM) SE Runtime Environment"/>
    <property name="sun.boot.library.path" value="C:\Program Files\Java\jdk1.8.0_121\jre\bin"/>
    <property name="java.vm.version" value="25.121-b13"/>
    <property name="java.vm.vendor" value="Oracle Corporation"/>
    <property name="java.vendor.url" value="http://java.oracle.com/"/>
    <property name="path.separator" value=";"/>
    <property name="guice.disable.misplaced.annotation.check" value="true"/>
    <property name="java.vm.name" value="Java HotSpot(TM) 64-Bit Server VM"/>
    <property name="file.encoding.pkg" value="sun.io"/>
    <property name="user.script" value=""/>
    <property name="user.country" value="BR"/>
    <property name="sun.java.launcher" value="SUN_STANDARD"/>
    <property name="sun.os.patch.level" value=""/>
    <property name="test" value="Teste"/>
    <property name="java.vm.specification.name" value="Java Virtual Machine Specification"/>
    <property name="user.dir" value="C:\Users\Felipe\Documents\NetBeansProjects\SisGestaoPagamentosGQ2019-1\SisPagamentosGQ2019"/>
    <property name="java.runtime.version" value="1.8.0_121-b13"/>
    <property name="java.awt.graphicsenv" value="sun.awt.Win32GraphicsEnvironment"/>
    <property name="java.endorsed.dirs" value="C:\Program Files\Java\jdk1.8.0_121\jre\lib\endorsed"/>
    <property name="os.arch" value="amd64"/>
    <property name="java.io.tmpdir" value="C:\Users\Felipe\AppData\Local\Temp\"/>
    <property name="line.separator" value="&#10;"/>
    <property name="java.vm.specification.vendor" value="Oracle Corporation"/>
    <property name="user.variant" value=""/>
    <property name="os.name" value="Windows 10"/>
    <property name="maven.ext.class.path" value="C:\Program Files\NetBeans 8.2\java\maven-nblib\netbeans-eventspy.jar"/>
    <property name="classworlds.conf" value="C:\Program Files\NetBeans 8.2\java\maven\bin\m2.conf"/>
    <property name="sun.jnu.encoding" value="Cp1252"/>
    <property name="java.library.path" value="C:\Program Files\Java\jdk1.8.0_121\bin;C:\WINDOWS\Sun\Java\bin;C:\WINDOWS\system32;C:\WINDOWS;C:\ProgramData\Oracle\Java\javapath;C:\Program Files (x86)\Intel\iCLS Client\;C:\Program Files\Intel\iCLS Client\;C:\WINDOWS\system32;C:\WINDOWS;C:\WINDOWS\System32\Wbem;C:\WINDOWS\System32\WindowsPowerShell\v1.0\;C:\Program Files\Intel\Intel(R) Management Engine Components\DAL;C:\Program Files\Intel\Intel(R) Management Engine Components\IPT;C:\Program Files (x86)\Intel\Intel(R) Management Engine Components\DAL;C:\Program Files (x86)\Intel\Intel(R) Management Engine Components\IPT;C:\Program Files\Samsung\AllShare Framework DMS\1.3.23\;C:\Program Files\Samsung\AllShare Framework DMS\1.3.23\64bit\;C:\Program Files\TortoiseSVN\bin;C:\Program Files (x86)\MySQL\MySQL Utilities 1.6\;C:\WINDOWS\System32\OpenSSH\;C:\php\;C:\Program Files\dotnet\;C:\Program Files\Microsoft SQL Server\130\Tools\Binn\;C:\Program Files\Git\cmd;C:\Users\Felipe\AppData\Local\Microsoft\WindowsApps;;."/>
    <property name="java.specification.name" value="Java Platform API Specification"/>
    <property name="java.class.version" value="52.0"/>
    <property name="sun.management.compiler" value="HotSpot 64-Bit Tiered Compilers"/>
    <property name="os.version" value="10.0"/>
    <property name="user.home" value="C:\Users\Felipe"/>
    <property name="user.timezone" value="America/Sao_Paulo"/>
    <property name="java.awt.printerjob" value="sun.awt.windows.WPrinterJob"/>
    <property name="java.specification.version" value="1.8"/>
    <property name="file.encoding" value="UTF-8"/>
    <property name="user.name" value="Felipe"/>
    <property name="java.class.path" value="C:\Program Files\NetBeans 8.2\java\maven\boot\plexus-classworlds-2.4.jar"/>
    <property name="java.vm.specification.version" value="1.8"/>
    <property name="sun.arch.data.model" value="64"/>
    <property name="java.home" value="C:\Program Files\Java\jdk1.8.0_121\jre"/>
    <property name="sun.java.command" value="org.codehaus.plexus.classworlds.launcher.Launcher -Dtest=Teste -Dmaven.ext.class.path=C:\Program Files\NetBeans 8.2\java\maven-nblib\netbeans-eventspy.jar -Dfile.encoding=UTF-8 surefire:test"/>
    <property name="java.specification.vendor" value="Oracle Corporation"/>
    <property name="user.language" value="pt"/>
    <property name="awt.toolkit" value="sun.awt.windows.WToolkit"/>
    <property name="java.vm.info" value="mixed mode"/>
    <property name="java.version" value="1.8.0_121"/>
    <property name="java.ext.dirs" value="C:\Program Files\Java\jdk1.8.0_121\jre\lib\ext;C:\WINDOWS\Sun\Java\lib\ext"/>
    <property name="sun.boot.class.path" value="C:\Program Files\Java\jdk1.8.0_121\jre\lib\resources.jar;C:\Program Files\Java\jdk1.8.0_121\jre\lib\rt.jar;C:\Program Files\Java\jdk1.8.0_121\jre\lib\sunrsasign.jar;C:\Program Files\Java\jdk1.8.0_121\jre\lib\jsse.jar;C:\Program Files\Java\jdk1.8.0_121\jre\lib\jce.jar;C:\Program Files\Java\jdk1.8.0_121\jre\lib\charsets.jar;C:\Program Files\Java\jdk1.8.0_121\jre\lib\jfr.jar;C:\Program Files\Java\jdk1.8.0_121\jre\classes"/>
    <property name="java.vendor" value="Oracle Corporation"/>
    <property name="maven.home" value="C:\Program Files\NetBeans 8.2\java\maven"/>
    <property name="file.separator" value="\"/>
    <property name="java.vendor.url.bug" value="http://bugreport.sun.com/bugreport/"/>
    <property name="sun.cpu.endian" value="little"/>
    <property name="sun.io.unicode.encoding" value="UnicodeLittle"/>
    <property name="sun.desktop" value="windows"/>
    <property name="sun.cpu.isalist" value="amd64"/>
  </properties>
  <testcase name="teste10" classname="Teste" time="0.141">
    <failure message="expected:&lt;[O Gerente imediato não pôde autorizar o pagamento pelo fato do mesmo estar venci]do.&gt; but was:&lt;[Pagamento não aprova]do.&gt;" type="org.junit.ComparisonFailure"><![CDATA[org.junit.ComparisonFailure: expected:<[O Gerente imediato não pôde autorizar o pagamento pelo fato do mesmo estar venci]do.> but was:<[Pagamento não aprova]do.>
	at org.junit.Assert.assertEquals(Assert.java:115)
	at org.junit.Assert.assertEquals(Assert.java:144)
	at Teste.teste10(Teste.java:156)
]]></failure>
  </testcase>
  <testcase name="teste11" classname="Teste" time="0">
    <failure message="expected:&lt;[O Gerente geral não pôde autorizar o pagamento pelo fato do mesmo estar vencido].&gt; but was:&lt;[Pagamento no valor de R$500.01 foi autorizado pelo Gerente geral].&gt;" type="org.junit.ComparisonFailure"><![CDATA[org.junit.ComparisonFailure: expected:<[O Gerente geral não pôde autorizar o pagamento pelo fato do mesmo estar vencido].> but was:<[Pagamento no valor de R$500.01 foi autorizado pelo Gerente geral].>
	at org.junit.Assert.assertEquals(Assert.java:115)
	at org.junit.Assert.assertEquals(Assert.java:144)
	at Teste.teste11(Teste.java:166)
]]></failure>
  </testcase>
  <testcase name="teste12" classname="Teste" time="0">
    <failure message="expected:&lt;[O Gerente geral não pôde autorizar o pagamento pelo fato do mesmo estar vencido].&gt; but was:&lt;[Pagamento no valor de R$500.01 foi autorizado pelo Gerente geral].&gt;" type="org.junit.ComparisonFailure"><![CDATA[org.junit.ComparisonFailure: expected:<[O Gerente geral não pôde autorizar o pagamento pelo fato do mesmo estar vencido].> but was:<[Pagamento no valor de R$500.01 foi autorizado pelo Gerente geral].>
	at org.junit.Assert.assertEquals(Assert.java:115)
	at org.junit.Assert.assertEquals(Assert.java:144)
	at Teste.teste12(Teste.java:177)
]]></failure>
  </testcase>
  <testcase name="teste13" classname="Teste" time="0">
    <failure message="expected:&lt;[O Gerente geral não pôde autorizar o pagamento pelo fato do mesmo estar vencid]o.&gt; but was:&lt;[Pagamento no valor de R$500.01 foi autorizado pelo Diretor financeir]o.&gt;" type="org.junit.ComparisonFailure"><![CDATA[org.junit.ComparisonFailure: expected:<[O Gerente geral não pôde autorizar o pagamento pelo fato do mesmo estar vencid]o.> but was:<[Pagamento no valor de R$500.01 foi autorizado pelo Diretor financeir]o.>
	at org.junit.Assert.assertEquals(Assert.java:115)
	at org.junit.Assert.assertEquals(Assert.java:144)
	at Teste.teste13(Teste.java:187)
]]></failure>
  </testcase>
  <testcase name="teste14" classname="Teste" time="0.015">
    <failure message="expected:&lt;[O Gerente geral não pôde autorizar o pagamento pelo fato do mesmo estar vencido].&gt; but was:&lt;[Pagamento no valor de R$500.01 foi autorizado pelo Diretor geral].&gt;" type="org.junit.ComparisonFailure"><![CDATA[org.junit.ComparisonFailure: expected:<[O Gerente geral não pôde autorizar o pagamento pelo fato do mesmo estar vencido].> but was:<[Pagamento no valor de R$500.01 foi autorizado pelo Diretor geral].>
	at org.junit.Assert.assertEquals(Assert.java:115)
	at org.junit.Assert.assertEquals(Assert.java:144)
	at Teste.teste14(Teste.java:198)
]]></failure>
  </testcase>
  <testcase name="teste15" classname="Teste" time="0">
    <failure message="expected:&lt;[O Gerente geral não pôde autorizar o pagamento pelo fato do mesmo estar venci]do.&gt; but was:&lt;[Pagamento não aprova]do.&gt;" type="org.junit.ComparisonFailure"><![CDATA[org.junit.ComparisonFailure: expected:<[O Gerente geral não pôde autorizar o pagamento pelo fato do mesmo estar venci]do.> but was:<[Pagamento não aprova]do.>
	at org.junit.Assert.assertEquals(Assert.java:115)
	at org.junit.Assert.assertEquals(Assert.java:144)
	at Teste.teste15(Teste.java:209)
]]></failure>
  </testcase>
  <testcase name="teste16" classname="Teste" time="0">
    <failure message="expected:&lt;[O Gerente geral não pôde autorizar o pagamento pelo fato do mesmo estar vencido].&gt; but was:&lt;[Pagamento no valor de R$1500.0 foi autorizado pelo Gerente geral].&gt;" type="org.junit.ComparisonFailure"><![CDATA[org.junit.ComparisonFailure: expected:<[O Gerente geral não pôde autorizar o pagamento pelo fato do mesmo estar vencido].> but was:<[Pagamento no valor de R$1500.0 foi autorizado pelo Gerente geral].>
	at org.junit.Assert.assertEquals(Assert.java:115)
	at org.junit.Assert.assertEquals(Assert.java:144)
	at Teste.teste16(Teste.java:219)
]]></failure>
  </testcase>
  <testcase name="teste17" classname="Teste" time="0.016">
    <failure message="expected:&lt;[O Gerente geral não pôde autorizar o pagamento pelo fato do mesmo estar vencido].&gt; but was:&lt;[Pagamento no valor de R$1500.0 foi autorizado pelo Gerente geral].&gt;" type="org.junit.ComparisonFailure"><![CDATA[org.junit.ComparisonFailure: expected:<[O Gerente geral não pôde autorizar o pagamento pelo fato do mesmo estar vencido].> but was:<[Pagamento no valor de R$1500.0 foi autorizado pelo Gerente geral].>
	at org.junit.Assert.assertEquals(Assert.java:115)
	at org.junit.Assert.assertEquals(Assert.java:144)
	at Teste.teste17(Teste.java:229)
]]></failure>
  </testcase>
  <testcase name="teste18" classname="Teste" time="0">
    <failure message="expected:&lt;[O Gerente geral não pôde autorizar o pagamento pelo fato do mesmo estar vencid]o.&gt; but was:&lt;[Pagamento no valor de R$1500.0 foi autorizado pelo Diretor financeir]o.&gt;" type="org.junit.ComparisonFailure"><![CDATA[org.junit.ComparisonFailure: expected:<[O Gerente geral não pôde autorizar o pagamento pelo fato do mesmo estar vencid]o.> but was:<[Pagamento no valor de R$1500.0 foi autorizado pelo Diretor financeir]o.>
	at org.junit.Assert.assertEquals(Assert.java:115)
	at org.junit.Assert.assertEquals(Assert.java:144)
	at Teste.teste18(Teste.java:239)
]]></failure>
  </testcase>
  <testcase name="teste19" classname="Teste" time="0">
    <failure message="expected:&lt;[O Gerente geral não pôde autorizar o pagamento pelo fato do mesmo estar vencido].&gt; but was:&lt;[Pagamento no valor de R$1500.0 foi autorizado pelo Diretor geral].&gt;" type="org.junit.ComparisonFailure"><![CDATA[org.junit.ComparisonFailure: expected:<[O Gerente geral não pôde autorizar o pagamento pelo fato do mesmo estar vencido].> but was:<[Pagamento no valor de R$1500.0 foi autorizado pelo Diretor geral].>
	at org.junit.Assert.assertEquals(Assert.java:115)
	at org.junit.Assert.assertEquals(Assert.java:144)
	at Teste.teste19(Teste.java:249)
]]></failure>
  </testcase>
  <testcase name="teste20" classname="Teste" time="0.015">
    <failure message="expected:&lt;[O Gerente geral não pôde autorizar o pagamento pelo fato do mesmo estar venci]do.&gt; but was:&lt;[Pagamento não aprova]do.&gt;" type="org.junit.ComparisonFailure"><![CDATA[org.junit.ComparisonFailure: expected:<[O Gerente geral não pôde autorizar o pagamento pelo fato do mesmo estar venci]do.> but was:<[Pagamento não aprova]do.>
	at org.junit.Assert.assertEquals(Assert.java:115)
	at org.junit.Assert.assertEquals(Assert.java:144)
	at Teste.teste20(Teste.java:259)
]]></failure>
  </testcase>
  <testcase name="teste21" classname="Teste" time="0">
    <failure message="expected:&lt;[O Diretor financeiro não pôde autorizar o pagamento pelo fato do mesmo estar vencid]o.&gt; but was:&lt;[Pagamento no valor de R$1500.01 foi autorizado pelo Diretor financeir]o.&gt;" type="org.junit.ComparisonFailure"><![CDATA[org.junit.ComparisonFailure: expected:<[O Diretor financeiro não pôde autorizar o pagamento pelo fato do mesmo estar vencid]o.> but was:<[Pagamento no valor de R$1500.01 foi autorizado pelo Diretor financeir]o.>
	at org.junit.Assert.assertEquals(Assert.java:115)
	at org.junit.Assert.assertEquals(Assert.java:144)
	at Teste.teste21(Teste.java:269)
]]></failure>
  </testcase>
  <testcase name="teste22" classname="Teste" time="0">
    <failure message="expected:&lt;[O Diretor financeiro não pôde autorizar o pagamento pelo fato do mesmo estar vencid]o.&gt; but was:&lt;[Pagamento no valor de R$1500.01 foi autorizado pelo Diretor financeir]o.&gt;" type="org.junit.ComparisonFailure"><![CDATA[org.junit.ComparisonFailure: expected:<[O Diretor financeiro não pôde autorizar o pagamento pelo fato do mesmo estar vencid]o.> but was:<[Pagamento no valor de R$1500.01 foi autorizado pelo Diretor financeir]o.>
	at org.junit.Assert.assertEquals(Assert.java:115)
	at org.junit.Assert.assertEquals(Assert.java:144)
	at Teste.teste22(Teste.java:279)
]]></failure>
  </testcase>
  <testcase name="teste23" classname="Teste" time="0.016">
    <failure message="expected:&lt;[O Diretor financeiro não pôde autorizar o pagamento pelo fato do mesmo estar vencid]o.&gt; but was:&lt;[Pagamento no valor de R$1500.01 foi autorizado pelo Diretor financeir]o.&gt;" type="org.junit.ComparisonFailure"><![CDATA[org.junit.ComparisonFailure: expected:<[O Diretor financeiro não pôde autorizar o pagamento pelo fato do mesmo estar vencid]o.> but was:<[Pagamento no valor de R$1500.01 foi autorizado pelo Diretor financeir]o.>
	at org.junit.Assert.assertEquals(Assert.java:115)
	at org.junit.Assert.assertEquals(Assert.java:144)
	at Teste.teste23(Teste.java:289)
]]></failure>
  </testcase>
  <testcase name="teste24" classname="Teste" time="0">
    <failure message="expected:&lt;[O Gerente geral não pôde autorizar o pagamento pelo fato do mesmo estar vencido].&gt; but was:&lt;[Pagamento no valor de R$1500.0 foi autorizado pelo Diretor geral].&gt;" type="org.junit.ComparisonFailure"><![CDATA[org.junit.ComparisonFailure: expected:<[O Gerente geral não pôde autorizar o pagamento pelo fato do mesmo estar vencido].> but was:<[Pagamento no valor de R$1500.0 foi autorizado pelo Diretor geral].>
	at org.junit.Assert.assertEquals(Assert.java:115)
	at org.junit.Assert.assertEquals(Assert.java:144)
	at Teste.teste24(Teste.java:299)
]]></failure>
  </testcase>
  <testcase name="teste25" classname="Teste" time="0">
    <failure message="expected:&lt;[O Gerente geral não pôde autorizar o pagamento pelo fato do mesmo estar venci]do.&gt; but was:&lt;[Pagamento não aprova]do.&gt;" type="org.junit.ComparisonFailure"><![CDATA[org.junit.ComparisonFailure: expected:<[O Gerente geral não pôde autorizar o pagamento pelo fato do mesmo estar venci]do.> but was:<[Pagamento não aprova]do.>
	at org.junit.Assert.assertEquals(Assert.java:115)
	at org.junit.Assert.assertEquals(Assert.java:144)
	at Teste.teste25(Teste.java:310)
]]></failure>
  </testcase>
  <testcase name="teste26" classname="Teste" time="0.016">
    <failure message="expected:&lt;[O Diretor geral não pôde autorizar o pagamento pelo fato do mesmo estar vencido].&gt; but was:&lt;[Pagamento no valor de R$15000.0 foi autorizado pelo Diretor geral].&gt;" type="org.junit.ComparisonFailure"><![CDATA[org.junit.ComparisonFailure: expected:<[O Diretor geral não pôde autorizar o pagamento pelo fato do mesmo estar vencido].> but was:<[Pagamento no valor de R$15000.0 foi autorizado pelo Diretor geral].>
	at org.junit.Assert.assertEquals(Assert.java:115)
	at org.junit.Assert.assertEquals(Assert.java:144)
	at Teste.teste26(Teste.java:320)
]]></failure>
  </testcase>
  <testcase name="teste27" classname="Teste" time="0">
    <failure message="expected:&lt;[O Diretor geral não pôde autorizar o pagamento pelo fato do mesmo estar vencido].&gt; but was:&lt;[Pagamento no valor de R$15000.0 foi autorizado pelo Diretor geral].&gt;" type="org.junit.ComparisonFailure"><![CDATA[org.junit.ComparisonFailure: expected:<[O Diretor geral não pôde autorizar o pagamento pelo fato do mesmo estar vencido].> but was:<[Pagamento no valor de R$15000.0 foi autorizado pelo Diretor geral].>
	at org.junit.Assert.assertEquals(Assert.java:115)
	at org.junit.Assert.assertEquals(Assert.java:144)
	at Teste.teste27(Teste.java:330)
]]></failure>
  </testcase>
  <testcase name="teste28" classname="Teste" time="0">
    <failure message="expected:&lt;[O Diretor geral não pôde autorizar o pagamento pelo fato do mesmo estar vencido].&gt; but was:&lt;[Pagamento no valor de R$15000.0 foi autorizado pelo Diretor geral].&gt;" type="org.junit.ComparisonFailure"><![CDATA[org.junit.ComparisonFailure: expected:<[O Diretor geral não pôde autorizar o pagamento pelo fato do mesmo estar vencido].> but was:<[Pagamento no valor de R$15000.0 foi autorizado pelo Diretor geral].>
	at org.junit.Assert.assertEquals(Assert.java:115)
	at org.junit.Assert.assertEquals(Assert.java:144)
	at Teste.teste28(Teste.java:340)
]]></failure>
  </testcase>
  <testcase name="teste29" classname="Teste" time="0">
    <failure message="expected:&lt;[O Diretor geral não pôde autorizar o pagamento pelo fato do mesmo estar vencido].&gt; but was:&lt;[Pagamento no valor de R$15000.0 foi autorizado pelo Diretor geral].&gt;" type="org.junit.ComparisonFailure"><![CDATA[org.junit.ComparisonFailure: expected:<[O Diretor geral não pôde autorizar o pagamento pelo fato do mesmo estar vencido].> but was:<[Pagamento no valor de R$15000.0 foi autorizado pelo Diretor geral].>
	at org.junit.Assert.assertEquals(Assert.java:115)
	at org.junit.Assert.assertEquals(Assert.java:144)
	at Teste.teste29(Teste.java:350)
]]></failure>
  </testcase>
  <testcase name="teste30" classname="Teste" time="0.015">
    <failure message="expected:&lt;[O Diretor geral não pôde autorizar o pagamento pelo fato do mesmo estar venci]do.&gt; but was:&lt;[Pagamento não aprova]do.&gt;" type="org.junit.ComparisonFailure"><![CDATA[org.junit.ComparisonFailure: expected:<[O Diretor geral não pôde autorizar o pagamento pelo fato do mesmo estar venci]do.> but was:<[Pagamento não aprova]do.>
	at org.junit.Assert.assertEquals(Assert.java:115)
	at org.junit.Assert.assertEquals(Assert.java:144)
	at Teste.teste30(Teste.java:360)
]]></failure>
  </testcase>
  <testcase name="teste31" classname="Teste" time="0"/>
  <testcase name="teste32" classname="Teste" time="0"/>
  <testcase name="teste33" classname="Teste" time="0"/>
  <testcase name="teste34" classname="Teste" time="0"/>
  <testcase name="teste35" classname="Teste" time="0"/>
  <testcase name="teste36" classname="Teste" time="0.032">
    <error message="Index: 0, Size: 0" type="java.lang.IndexOutOfBoundsException">java.lang.IndexOutOfBoundsException: Index: 0, Size: 0
	at java.util.ArrayList.rangeCheck(ArrayList.java:653)
	at java.util.ArrayList.get(ArrayList.java:429)
	at Teste.teste36(Teste.java:434)
</error>
  </testcase>
  <testcase name="teste37" classname="Teste" time="0">
    <error message="Index: 0, Size: 0" type="java.lang.IndexOutOfBoundsException">java.lang.IndexOutOfBoundsException: Index: 0, Size: 0
	at java.util.ArrayList.rangeCheck(ArrayList.java:653)
	at java.util.ArrayList.get(ArrayList.java:429)
	at Teste.teste37(Teste.java:444)
</error>
  </testcase>
  <testcase name="teste38" classname="Teste" time="0.015">
    <error message="Index: 0, Size: 0" type="java.lang.IndexOutOfBoundsException">java.lang.IndexOutOfBoundsException: Index: 0, Size: 0
	at java.util.ArrayList.rangeCheck(ArrayList.java:653)
	at java.util.ArrayList.get(ArrayList.java:429)
	at Teste.teste38(Teste.java:454)
</error>
  </testcase>
  <testcase name="teste39" classname="Teste" time="0">
    <error message="Index: 0, Size: 0" type="java.lang.IndexOutOfBoundsException">java.lang.IndexOutOfBoundsException: Index: 0, Size: 0
	at java.util.ArrayList.rangeCheck(ArrayList.java:653)
	at java.util.ArrayList.get(ArrayList.java:429)
	at Teste.teste39(Teste.java:464)
</error>
  </testcase>
  <testcase name="teste40" classname="Teste" time="0">
    <error message="Index: 0, Size: 0" type="java.lang.IndexOutOfBoundsException">java.lang.IndexOutOfBoundsException: Index: 0, Size: 0
	at java.util.ArrayList.rangeCheck(ArrayList.java:653)
	at java.util.ArrayList.get(ArrayList.java:429)
	at Teste.teste40(Teste.java:474)
</error>
  </testcase>
  <testcase name="teste41" classname="Teste" time="0">
    <error message="Index: 0, Size: 0" type="java.lang.IndexOutOfBoundsException">java.lang.IndexOutOfBoundsException: Index: 0, Size: 0
	at java.util.ArrayList.rangeCheck(ArrayList.java:653)
	at java.util.ArrayList.get(ArrayList.java:429)
	at Teste.teste41(Teste.java:484)
</error>
  </testcase>
  <testcase name="teste42" classname="Teste" time="0">
    <error message="Index: 0, Size: 0" type="java.lang.IndexOutOfBoundsException">java.lang.IndexOutOfBoundsException: Index: 0, Size: 0
	at java.util.ArrayList.rangeCheck(ArrayList.java:653)
	at java.util.ArrayList.get(ArrayList.java:429)
	at Teste.teste42(Teste.java:494)
</error>
  </testcase>
  <testcase name="teste43" classname="Teste" time="0.016">
    <error message="Index: 0, Size: 0" type="java.lang.IndexOutOfBoundsException">java.lang.IndexOutOfBoundsException: Index: 0, Size: 0
	at java.util.ArrayList.rangeCheck(ArrayList.java:653)
	at java.util.ArrayList.get(ArrayList.java:429)
	at Teste.teste43(Teste.java:505)
</error>
  </testcase>
  <testcase name="teste44" classname="Teste" time="0">
    <error message="Index: 0, Size: 0" type="java.lang.IndexOutOfBoundsException">java.lang.IndexOutOfBoundsException: Index: 0, Size: 0
	at java.util.ArrayList.rangeCheck(ArrayList.java:653)
	at java.util.ArrayList.get(ArrayList.java:429)
	at Teste.teste44(Teste.java:516)
</error>
  </testcase>
  <testcase name="teste45" classname="Teste" time="0">
    <error message="Index: 0, Size: 0" type="java.lang.IndexOutOfBoundsException">java.lang.IndexOutOfBoundsException: Index: 0, Size: 0
	at java.util.ArrayList.rangeCheck(ArrayList.java:653)
	at java.util.ArrayList.get(ArrayList.java:429)
	at Teste.teste45(Teste.java:527)
</error>
  </testcase>
  <testcase name="teste46" classname="Teste" time="0"/>
  <testcase name="teste1" classname="Teste" time="0">
    <failure message="expected:&lt;[O Gerente imediato não pôde autorizar o pagamento pelo fato do mesmo estar vencid]o.&gt; but was:&lt;[Pagamento no valor de R$0.01 foi autorizado pelo Gerente imediat]o.&gt;" type="org.junit.ComparisonFailure"><![CDATA[org.junit.ComparisonFailure: expected:<[O Gerente imediato não pôde autorizar o pagamento pelo fato do mesmo estar vencid]o.> but was:<[Pagamento no valor de R$0.01 foi autorizado pelo Gerente imediat]o.>
	at org.junit.Assert.assertEquals(Assert.java:115)
	at org.junit.Assert.assertEquals(Assert.java:144)
	at Teste.teste1(Teste.java:59)
]]></failure>
  </testcase>
  <testcase name="teste2" classname="Teste" time="0">
    <failure message="expected:&lt;[O Gerente imediato não pôde autorizar o pagamento pelo fato do mesmo estar vencido].&gt; but was:&lt;[Pagamento no valor de R$0.01 foi autorizado pelo Gerente geral].&gt;" type="org.junit.ComparisonFailure"><![CDATA[org.junit.ComparisonFailure: expected:<[O Gerente imediato não pôde autorizar o pagamento pelo fato do mesmo estar vencido].> but was:<[Pagamento no valor de R$0.01 foi autorizado pelo Gerente geral].>
	at org.junit.Assert.assertEquals(Assert.java:115)
	at org.junit.Assert.assertEquals(Assert.java:144)
	at Teste.teste2(Teste.java:70)
]]></failure>
  </testcase>
  <testcase name="teste3" classname="Teste" time="0.015">
    <failure message="expected:&lt;[O Gerente imediato não pôde autorizar o pagamento pelo fato do mesmo estar vencid]o.&gt; but was:&lt;[Pagamento no valor de R$0.01 foi autorizado pelo Diretor financeir]o.&gt;" type="org.junit.ComparisonFailure"><![CDATA[org.junit.ComparisonFailure: expected:<[O Gerente imediato não pôde autorizar o pagamento pelo fato do mesmo estar vencid]o.> but was:<[Pagamento no valor de R$0.01 foi autorizado pelo Diretor financeir]o.>
	at org.junit.Assert.assertEquals(Assert.java:115)
	at org.junit.Assert.assertEquals(Assert.java:144)
	at Teste.teste3(Teste.java:80)
]]></failure>
  </testcase>
  <testcase name="teste4" classname="Teste" time="0">
    <failure message="expected:&lt;[O Gerente imediato não pôde autorizar o pagamento pelo fato do mesmo estar vencido].&gt; but was:&lt;[Pagamento no valor de R$0.01 foi autorizado pelo Diretor geral].&gt;" type="org.junit.ComparisonFailure"><![CDATA[org.junit.ComparisonFailure: expected:<[O Gerente imediato não pôde autorizar o pagamento pelo fato do mesmo estar vencido].> but was:<[Pagamento no valor de R$0.01 foi autorizado pelo Diretor geral].>
	at org.junit.Assert.assertEquals(Assert.java:115)
	at org.junit.Assert.assertEquals(Assert.java:144)
	at Teste.teste4(Teste.java:91)
]]></failure>
  </testcase>
  <testcase name="teste5" classname="Teste" time="0">
    <failure message="expected:&lt;[O Gerente imediato não pôde autorizar o pagamento pelo fato do mesmo estar vencido.]&gt; but was:&lt;[Pagamento não aprovado]&gt;" type="org.junit.ComparisonFailure"><![CDATA[org.junit.ComparisonFailure: expected:<[O Gerente imediato não pôde autorizar o pagamento pelo fato do mesmo estar vencido.]> but was:<[Pagamento não aprovado]>
	at org.junit.Assert.assertEquals(Assert.java:115)
	at org.junit.Assert.assertEquals(Assert.java:144)
	at Teste.teste5(Teste.java:102)
]]></failure>
  </testcase>
  <testcase name="teste6" classname="Teste" time="0">
    <failure message="expected:&lt;[O Gerente imediato não pôde autorizar o pagamento pelo fato do mesmo estar vencid]o.&gt; but was:&lt;[Pagamento no valor de R$500.0 foi autorizado pelo Gerente imediat]o.&gt;" type="org.junit.ComparisonFailure"><![CDATA[org.junit.ComparisonFailure: expected:<[O Gerente imediato não pôde autorizar o pagamento pelo fato do mesmo estar vencid]o.> but was:<[Pagamento no valor de R$500.0 foi autorizado pelo Gerente imediat]o.>
	at org.junit.Assert.assertEquals(Assert.java:115)
	at org.junit.Assert.assertEquals(Assert.java:144)
	at Teste.teste6(Teste.java:113)
]]></failure>
  </testcase>
  <testcase name="teste7" classname="Teste" time="0">
    <failure message="expected:&lt;[O Gerente imediato não pôde autorizar o pagamento pelo fato do mesmo estar vencido].&gt; but was:&lt;[Pagamento no valor de R$500.0 foi autorizado pelo Gerente geral].&gt;" type="org.junit.ComparisonFailure"><![CDATA[org.junit.ComparisonFailure: expected:<[O Gerente imediato não pôde autorizar o pagamento pelo fato do mesmo estar vencido].> but was:<[Pagamento no valor de R$500.0 foi autorizado pelo Gerente geral].>
	at org.junit.Assert.assertEquals(Assert.java:115)
	at org.junit.Assert.assertEquals(Assert.java:144)
	at Teste.teste7(Teste.java:124)
]]></failure>
  </testcase>
  <testcase name="teste8" classname="Teste" time="0">
    <failure message="expected:&lt;[O Gerente imediato não pôde autorizar o pagamento pelo fato do mesmo estar vencid]o.&gt; but was:&lt;[Pagamento no valor de R$500.0 foi autorizado pelo Diretor financeir]o.&gt;" type="org.junit.ComparisonFailure"><![CDATA[org.junit.ComparisonFailure: expected:<[O Gerente imediato não pôde autorizar o pagamento pelo fato do mesmo estar vencid]o.> but was:<[Pagamento no valor de R$500.0 foi autorizado pelo Diretor financeir]o.>
	at org.junit.Assert.assertEquals(Assert.java:115)
	at org.junit.Assert.assertEquals(Assert.java:144)
	at Teste.teste8(Teste.java:135)
]]></failure>
  </testcase>
  <testcase name="teste9" classname="Teste" time="0.016">
    <failure message="expected:&lt;[O Gerente imediato não pôde autorizar o pagamento pelo fato do mesmo estar vencido].&gt; but was:&lt;[Pagamento no valor de R$500.0 foi autorizado pelo Diretor geral].&gt;" type="org.junit.ComparisonFailure"><![CDATA[org.junit.ComparisonFailure: expected:<[O Gerente imediato não pôde autorizar o pagamento pelo fato do mesmo estar vencido].> but was:<[Pagamento no valor de R$500.0 foi autorizado pelo Diretor geral].>
	at org.junit.Assert.assertEquals(Assert.java:115)
	at org.junit.Assert.assertEquals(Assert.java:144)
	at Teste.teste9(Teste.java:146)
]]></failure>
  </testcase>
</testsuite>