<?xml version="1.0" encoding="UTF-8"?>
<testsuite name="Teste" time="0.328" tests="46" errors="10" skipped="0" failures="30">
  <properties>
[...]
</properties>
  <testcase name="teste10" classname="Teste" time="0.141">
    <failure message="expected:&lt;[O Gerente imediato não pôde autorizar o pagamento pelo fato do mesmo estar venci]do.&gt; but was:&lt;[Pagamento não aprova]do.&gt;" type="org.junit.ComparisonFailure"><![CDATA[org.junit.ComparisonFailure: expected:<[O Gerente imediato não pôde autorizar o pagamento pelo fato do mesmo estar venci]do.> but was:<[Pagamento não aprova]do.>
	at org.junit.Assert.assertEquals(Assert.java:115)
	at org.junit.Assert.assertEquals(Assert.java:144)
	at Teste.teste10(Teste.java:156)
]]></failure>
  </testcase>
  <testcase name="teste11" classname="Teste" time="0">
    <failure message="expected:&lt;[O Gerente geral não pôde autorizar o pagamento pelo fato do mesmo estar vencido].&gt; but was:&lt;[Pagamento no valor de R$500.01 foi autorizado pelo Gerente geral].&gt;" type="org.junit.ComparisonFailure"><![CDATA[org.junit.ComparisonFailure: expected:<[O Gerente geral não pôde autorizar o pagamento pelo fato do mesmo estar vencido].> but was:<[Pagamento no valor de R$500.01 foi autorizado pelo Gerente geral].>
	at org.junit.Assert.assertEquals(Assert.java:115)
	at org.junit.Assert.assertEquals(Assert.java:144)
	at Teste.teste11(Teste.java:166)
]]></failure>
  </testcase>
  <testcase name="teste12" classname="Teste" time="0">
    <failure message="expected:&lt;[O Gerente geral não pôde autorizar o pagamento pelo fato do mesmo estar vencido].&gt; but was:&lt;[Pagamento no valor de R$500.01 foi autorizado pelo Gerente geral].&gt;" type="org.junit.ComparisonFailure"><![CDATA[org.junit.ComparisonFailure: expected:<[O Gerente geral não pôde autorizar o pagamento pelo fato do mesmo estar vencido].> but was:<[Pagamento no valor de R$500.01 foi autorizado pelo Gerente geral].>
	at org.junit.Assert.assertEquals(Assert.java:115)
	at org.junit.Assert.assertEquals(Assert.java:144)
	at Teste.teste12(Teste.java:177)
]]></failure>
  </testcase>
  <testcase name="teste13" classname="Teste" time="0">
    <failure message="expected:&lt;[O Gerente geral não pôde autorizar o pagamento pelo fato do mesmo estar vencid]o.&gt; but was:&lt;[Pagamento no valor de R$500.01 foi autorizado pelo Diretor financeir]o.&gt;" type="org.junit.ComparisonFailure"><![CDATA[org.junit.ComparisonFailure: expected:<[O Gerente geral não pôde autorizar o pagamento pelo fato do mesmo estar vencid]o.> but was:<[Pagamento no valor de R$500.01 foi autorizado pelo Diretor financeir]o.>
	at org.junit.Assert.assertEquals(Assert.java:115)
	at org.junit.Assert.assertEquals(Assert.java:144)
	at Teste.teste13(Teste.java:187)
]]></failure>
  </testcase>
  <testcase name="teste14" classname="Teste" time="0.015">
    <failure message="expected:&lt;[O Gerente geral não pôde autorizar o pagamento pelo fato do mesmo estar vencido].&gt; but was:&lt;[Pagamento no valor de R$500.01 foi autorizado pelo Diretor geral].&gt;" type="org.junit.ComparisonFailure"><![CDATA[org.junit.ComparisonFailure: expected:<[O Gerente geral não pôde autorizar o pagamento pelo fato do mesmo estar vencido].> but was:<[Pagamento no valor de R$500.01 foi autorizado pelo Diretor geral].>
	at org.junit.Assert.assertEquals(Assert.java:115)
	at org.junit.Assert.assertEquals(Assert.java:144)
	at Teste.teste14(Teste.java:198)
]]></failure>
  </testcase>
  <testcase name="teste15" classname="Teste" time="0">
    <failure message="expected:&lt;[O Gerente geral não pôde autorizar o pagamento pelo fato do mesmo estar venci]do.&gt; but was:&lt;[Pagamento não aprova]do.&gt;" type="org.junit.ComparisonFailure"><![CDATA[org.junit.ComparisonFailure: expected:<[O Gerente geral não pôde autorizar o pagamento pelo fato do mesmo estar venci]do.> but was:<[Pagamento não aprova]do.>
	at org.junit.Assert.assertEquals(Assert.java:115)
	at org.junit.Assert.assertEquals(Assert.java:144)
	at Teste.teste15(Teste.java:209)
]]></failure>
  </testcase>
  <testcase name="teste16" classname="Teste" time="0">
    <failure message="expected:&lt;[O Gerente geral não pôde autorizar o pagamento pelo fato do mesmo estar vencido].&gt; but was:&lt;[Pagamento no valor de R$1500.0 foi autorizado pelo Gerente geral].&gt;" type="org.junit.ComparisonFailure"><![CDATA[org.junit.ComparisonFailure: expected:<[O Gerente geral não pôde autorizar o pagamento pelo fato do mesmo estar vencido].> but was:<[Pagamento no valor de R$1500.0 foi autorizado pelo Gerente geral].>
	at org.junit.Assert.assertEquals(Assert.java:115)
	at org.junit.Assert.assertEquals(Assert.java:144)
	at Teste.teste16(Teste.java:219)
]]></failure>
  </testcase>
  <testcase name="teste17" classname="Teste" time="0.016">
    <failure message="expected:&lt;[O Gerente geral não pôde autorizar o pagamento pelo fato do mesmo estar vencido].&gt; but was:&lt;[Pagamento no valor de R$1500.0 foi autorizado pelo Gerente geral].&gt;" type="org.junit.ComparisonFailure"><![CDATA[org.junit.ComparisonFailure: expected:<[O Gerente geral não pôde autorizar o pagamento pelo fato do mesmo estar vencido].> but was:<[Pagamento no valor de R$1500.0 foi autorizado pelo Gerente geral].>
	at org.junit.Assert.assertEquals(Assert.java:115)
	at org.junit.Assert.assertEquals(Assert.java:144)
	at Teste.teste17(Teste.java:229)
]]></failure>
  </testcase>
  <testcase name="teste18" classname="Teste" time="0">
    <failure message="expected:&lt;[O Gerente geral não pôde autorizar o pagamento pelo fato do mesmo estar vencid]o.&gt; but was:&lt;[Pagamento no valor de R$1500.0 foi autorizado pelo Diretor financeir]o.&gt;" type="org.junit.ComparisonFailure"><![CDATA[org.junit.ComparisonFailure: expected:<[O Gerente geral não pôde autorizar o pagamento pelo fato do mesmo estar vencid]o.> but was:<[Pagamento no valor de R$1500.0 foi autorizado pelo Diretor financeir]o.>
	at org.junit.Assert.assertEquals(Assert.java:115)
	at org.junit.Assert.assertEquals(Assert.java:144)
	at Teste.teste18(Teste.java:239)
]]></failure>
  </testcase>
  <testcase name="teste19" classname="Teste" time="0">
    <failure message="expected:&lt;[O Gerente geral não pôde autorizar o pagamento pelo fato do mesmo estar vencido].&gt; but was:&lt;[Pagamento no valor de R$1500.0 foi autorizado pelo Diretor geral].&gt;" type="org.junit.ComparisonFailure"><![CDATA[org.junit.ComparisonFailure: expected:<[O Gerente geral não pôde autorizar o pagamento pelo fato do mesmo estar vencido].> but was:<[Pagamento no valor de R$1500.0 foi autorizado pelo Diretor geral].>
	at org.junit.Assert.assertEquals(Assert.java:115)
	at org.junit.Assert.assertEquals(Assert.java:144)
	at Teste.teste19(Teste.java:249)
]]></failure>
  </testcase>
  <testcase name="teste20" classname="Teste" time="0.015">
    <failure message="expected:&lt;[O Gerente geral não pôde autorizar o pagamento pelo fato do mesmo estar venci]do.&gt; but was:&lt;[Pagamento não aprova]do.&gt;" type="org.junit.ComparisonFailure"><![CDATA[org.junit.ComparisonFailure: expected:<[O Gerente geral não pôde autorizar o pagamento pelo fato do mesmo estar venci]do.> but was:<[Pagamento não aprova]do.>
	at org.junit.Assert.assertEquals(Assert.java:115)
	at org.junit.Assert.assertEquals(Assert.java:144)
	at Teste.teste20(Teste.java:259)
]]></failure>
  </testcase>
  <testcase name="teste21" classname="Teste" time="0">
    <failure message="expected:&lt;[O Diretor financeiro não pôde autorizar o pagamento pelo fato do mesmo estar vencid]o.&gt; but was:&lt;[Pagamento no valor de R$1500.01 foi autorizado pelo Diretor financeir]o.&gt;" type="org.junit.ComparisonFailure"><![CDATA[org.junit.ComparisonFailure: expected:<[O Diretor financeiro não pôde autorizar o pagamento pelo fato do mesmo estar vencid]o.> but was:<[Pagamento no valor de R$1500.01 foi autorizado pelo Diretor financeir]o.>
	at org.junit.Assert.assertEquals(Assert.java:115)
	at org.junit.Assert.assertEquals(Assert.java:144)
	at Teste.teste21(Teste.java:269)
]]></failure>
  </testcase>
  <testcase name="teste22" classname="Teste" time="0">
    <failure message="expected:&lt;[O Diretor financeiro não pôde autorizar o pagamento pelo fato do mesmo estar vencid]o.&gt; but was:&lt;[Pagamento no valor de R$1500.01 foi autorizado pelo Diretor financeir]o.&gt;" type="org.junit.ComparisonFailure"><![CDATA[org.junit.ComparisonFailure: expected:<[O Diretor financeiro não pôde autorizar o pagamento pelo fato do mesmo estar vencid]o.> but was:<[Pagamento no valor de R$1500.01 foi autorizado pelo Diretor financeir]o.>
	at org.junit.Assert.assertEquals(Assert.java:115)
	at org.junit.Assert.assertEquals(Assert.java:144)
	at Teste.teste22(Teste.java:279)
]]></failure>
  </testcase>
  <testcase name="teste23" classname="Teste" time="0.016">
    <failure message="expected:&lt;[O Diretor financeiro não pôde autorizar o pagamento pelo fato do mesmo estar vencid]o.&gt; but was:&lt;[Pagamento no valor de R$1500.01 foi autorizado pelo Diretor financeir]o.&gt;" type="org.junit.ComparisonFailure"><![CDATA[org.junit.ComparisonFailure: expected:<[O Diretor financeiro não pôde autorizar o pagamento pelo fato do mesmo estar vencid]o.> but was:<[Pagamento no valor de R$1500.01 foi autorizado pelo Diretor financeir]o.>
	at org.junit.Assert.assertEquals(Assert.java:115)
	at org.junit.Assert.assertEquals(Assert.java:144)
	at Teste.teste23(Teste.java:289)
]]></failure>
  </testcase>
  <testcase name="teste24" classname="Teste" time="0">
    <failure message="expected:&lt;[O Gerente geral não pôde autorizar o pagamento pelo fato do mesmo estar vencido].&gt; but was:&lt;[Pagamento no valor de R$1500.0 foi autorizado pelo Diretor geral].&gt;" type="org.junit.ComparisonFailure"><![CDATA[org.junit.ComparisonFailure: expected:<[O Gerente geral não pôde autorizar o pagamento pelo fato do mesmo estar vencido].> but was:<[Pagamento no valor de R$1500.0 foi autorizado pelo Diretor geral].>
	at org.junit.Assert.assertEquals(Assert.java:115)
	at org.junit.Assert.assertEquals(Assert.java:144)
	at Teste.teste24(Teste.java:299)
]]></failure>
  </testcase>
  <testcase name="teste25" classname="Teste" time="0">
    <failure message="expected:&lt;[O Gerente geral não pôde autorizar o pagamento pelo fato do mesmo estar venci]do.&gt; but was:&lt;[Pagamento não aprova]do.&gt;" type="org.junit.ComparisonFailure"><![CDATA[org.junit.ComparisonFailure: expected:<[O Gerente geral não pôde autorizar o pagamento pelo fato do mesmo estar venci]do.> but was:<[Pagamento não aprova]do.>
	at org.junit.Assert.assertEquals(Assert.java:115)
	at org.junit.Assert.assertEquals(Assert.java:144)
	at Teste.teste25(Teste.java:310)
]]></failure>
  </testcase>
  <testcase name="teste26" classname="Teste" time="0.016">
    <failure message="expected:&lt;[O Diretor geral não pôde autorizar o pagamento pelo fato do mesmo estar vencido].&gt; but was:&lt;[Pagamento no valor de R$15000.0 foi autorizado pelo Diretor geral].&gt;" type="org.junit.ComparisonFailure"><![CDATA[org.junit.ComparisonFailure: expected:<[O Diretor geral não pôde autorizar o pagamento pelo fato do mesmo estar vencido].> but was:<[Pagamento no valor de R$15000.0 foi autorizado pelo Diretor geral].>
	at org.junit.Assert.assertEquals(Assert.java:115)
	at org.junit.Assert.assertEquals(Assert.java:144)
	at Teste.teste26(Teste.java:320)
]]></failure>
  </testcase>
  <testcase name="teste27" classname="Teste" time="0">
    <failure message="expected:&lt;[O Diretor geral não pôde autorizar o pagamento pelo fato do mesmo estar vencido].&gt; but was:&lt;[Pagamento no valor de R$15000.0 foi autorizado pelo Diretor geral].&gt;" type="org.junit.ComparisonFailure"><![CDATA[org.junit.ComparisonFailure: expected:<[O Diretor geral não pôde autorizar o pagamento pelo fato do mesmo estar vencido].> but was:<[Pagamento no valor de R$15000.0 foi autorizado pelo Diretor geral].>
	at org.junit.Assert.assertEquals(Assert.java:115)
	at org.junit.Assert.assertEquals(Assert.java:144)
	at Teste.teste27(Teste.java:330)
]]></failure>
  </testcase>
  <testcase name="teste28" classname="Teste" time="0">
    <failure message="expected:&lt;[O Diretor geral não pôde autorizar o pagamento pelo fato do mesmo estar vencido].&gt; but was:&lt;[Pagamento no valor de R$15000.0 foi autorizado pelo Diretor geral].&gt;" type="org.junit.ComparisonFailure"><![CDATA[org.junit.ComparisonFailure: expected:<[O Diretor geral não pôde autorizar o pagamento pelo fato do mesmo estar vencido].> but was:<[Pagamento no valor de R$15000.0 foi autorizado pelo Diretor geral].>
	at org.junit.Assert.assertEquals(Assert.java:115)
	at org.junit.Assert.assertEquals(Assert.java:144)
	at Teste.teste28(Teste.java:340)
]]></failure>
  </testcase>
  <testcase name="teste29" classname="Teste" time="0">
    <failure message="expected:&lt;[O Diretor geral não pôde autorizar o pagamento pelo fato do mesmo estar vencido].&gt; but was:&lt;[Pagamento no valor de R$15000.0 foi autorizado pelo Diretor geral].&gt;" type="org.junit.ComparisonFailure"><![CDATA[org.junit.ComparisonFailure: expected:<[O Diretor geral não pôde autorizar o pagamento pelo fato do mesmo estar vencido].> but was:<[Pagamento no valor de R$15000.0 foi autorizado pelo Diretor geral].>
	at org.junit.Assert.assertEquals(Assert.java:115)
	at org.junit.Assert.assertEquals(Assert.java:144)
	at Teste.teste29(Teste.java:350)
]]></failure>
  </testcase>
  <testcase name="teste30" classname="Teste" time="0.015">
    <failure message="expected:&lt;[O Diretor geral não pôde autorizar o pagamento pelo fato do mesmo estar venci]do.&gt; but was:&lt;[Pagamento não aprova]do.&gt;" type="org.junit.ComparisonFailure"><![CDATA[org.junit.ComparisonFailure: expected:<[O Diretor geral não pôde autorizar o pagamento pelo fato do mesmo estar venci]do.> but was:<[Pagamento não aprova]do.>
	at org.junit.Assert.assertEquals(Assert.java:115)
	at org.junit.Assert.assertEquals(Assert.java:144)
	at Teste.teste30(Teste.java:360)
]]></failure>
  </testcase>
  <testcase name="teste31" classname="Teste" time="0"/>
  <testcase name="teste32" classname="Teste" time="0"/>
  <testcase name="teste33" classname="Teste" time="0"/>
  <testcase name="teste34" classname="Teste" time="0"/>
  <testcase name="teste35" classname="Teste" time="0"/>
  <testcase name="teste36" classname="Teste" time="0.032">
    <error message="Index: 0, Size: 0" type="java.lang.IndexOutOfBoundsException">java.lang.IndexOutOfBoundsException: Index: 0, Size: 0
	at java.util.ArrayList.rangeCheck(ArrayList.java:653)
	at java.util.ArrayList.get(ArrayList.java:429)
	at Teste.teste36(Teste.java:434)
</error>
  </testcase>
  <testcase name="teste37" classname="Teste" time="0">
    <error message="Index: 0, Size: 0" type="java.lang.IndexOutOfBoundsException">java.lang.IndexOutOfBoundsException: Index: 0, Size: 0
	at java.util.ArrayList.rangeCheck(ArrayList.java:653)
	at java.util.ArrayList.get(ArrayList.java:429)
	at Teste.teste37(Teste.java:444)
</error>
  </testcase>
  <testcase name="teste38" classname="Teste" time="0.015">
    <error message="Index: 0, Size: 0" type="java.lang.IndexOutOfBoundsException">java.lang.IndexOutOfBoundsException: Index: 0, Size: 0
	at java.util.ArrayList.rangeCheck(ArrayList.java:653)
	at java.util.ArrayList.get(ArrayList.java:429)
	at Teste.teste38(Teste.java:454)
</error>
  </testcase>
  <testcase name="teste39" classname="Teste" time="0">
    <error message="Index: 0, Size: 0" type="java.lang.IndexOutOfBoundsException">java.lang.IndexOutOfBoundsException: Index: 0, Size: 0
	at java.util.ArrayList.rangeCheck(ArrayList.java:653)
	at java.util.ArrayList.get(ArrayList.java:429)
	at Teste.teste39(Teste.java:464)
</error>
  </testcase>
  <testcase name="teste40" classname="Teste" time="0">
    <error message="Index: 0, Size: 0" type="java.lang.IndexOutOfBoundsException">java.lang.IndexOutOfBoundsException: Index: 0, Size: 0
	at java.util.ArrayList.rangeCheck(ArrayList.java:653)
	at java.util.ArrayList.get(ArrayList.java:429)
	at Teste.teste40(Teste.java:474)
</error>
  </testcase>
  <testcase name="teste41" classname="Teste" time="0">
    <error message="Index: 0, Size: 0" type="java.lang.IndexOutOfBoundsException">java.lang.IndexOutOfBoundsException: Index: 0, Size: 0
	at java.util.ArrayList.rangeCheck(ArrayList.java:653)
	at java.util.ArrayList.get(ArrayList.java:429)
	at Teste.teste41(Teste.java:484)
</error>
  </testcase>
  <testcase name="teste42" classname="Teste" time="0">
    <error message="Index: 0, Size: 0" type="java.lang.IndexOutOfBoundsException">java.lang.IndexOutOfBoundsException: Index: 0, Size: 0
	at java.util.ArrayList.rangeCheck(ArrayList.java:653)
	at java.util.ArrayList.get(ArrayList.java:429)
	at Teste.teste42(Teste.java:494)
</error>
  </testcase>
  <testcase name="teste43" classname="Teste" time="0.016">
    <error message="Index: 0, Size: 0" type="java.lang.IndexOutOfBoundsException">java.lang.IndexOutOfBoundsException: Index: 0, Size: 0
	at java.util.ArrayList.rangeCheck(ArrayList.java:653)
	at java.util.ArrayList.get(ArrayList.java:429)
	at Teste.teste43(Teste.java:505)
</error>
  </testcase>
  <testcase name="teste44" classname="Teste" time="0">
    <error message="Index: 0, Size: 0" type="java.lang.IndexOutOfBoundsException">java.lang.IndexOutOfBoundsException: Index: 0, Size: 0
	at java.util.ArrayList.rangeCheck(ArrayList.java:653)
	at java.util.ArrayList.get(ArrayList.java:429)
	at Teste.teste44(Teste.java:516)
</error>
  </testcase>
  <testcase name="teste45" classname="Teste" time="0">
    <error message="Index: 0, Size: 0" type="java.lang.IndexOutOfBoundsException">java.lang.IndexOutOfBoundsException: Index: 0, Size: 0
	at java.util.ArrayList.rangeCheck(ArrayList.java:653)
	at java.util.ArrayList.get(ArrayList.java:429)
	at Teste.teste45(Teste.java:527)
</error>
  </testcase>
  <testcase name="teste46" classname="Teste" time="0"/>
  <testcase name="teste1" classname="Teste" time="0">
    <failure message="expected:&lt;[O Gerente imediato não pôde autorizar o pagamento pelo fato do mesmo estar vencid]o.&gt; but was:&lt;[Pagamento no valor de R$0.01 foi autorizado pelo Gerente imediat]o.&gt;" type="org.junit.ComparisonFailure"><![CDATA[org.junit.ComparisonFailure: expected:<[O Gerente imediato não pôde autorizar o pagamento pelo fato do mesmo estar vencid]o.> but was:<[Pagamento no valor de R$0.01 foi autorizado pelo Gerente imediat]o.>
	at org.junit.Assert.assertEquals(Assert.java:115)
	at org.junit.Assert.assertEquals(Assert.java:144)
	at Teste.teste1(Teste.java:59)
]]></failure>
  </testcase>
  <testcase name="teste2" classname="Teste" time="0">
    <failure message="expected:&lt;[O Gerente imediato não pôde autorizar o pagamento pelo fato do mesmo estar vencido].&gt; but was:&lt;[Pagamento no valor de R$0.01 foi autorizado pelo Gerente geral].&gt;" type="org.junit.ComparisonFailure"><![CDATA[org.junit.ComparisonFailure: expected:<[O Gerente imediato não pôde autorizar o pagamento pelo fato do mesmo estar vencido].> but was:<[Pagamento no valor de R$0.01 foi autorizado pelo Gerente geral].>
	at org.junit.Assert.assertEquals(Assert.java:115)
	at org.junit.Assert.assertEquals(Assert.java:144)
	at Teste.teste2(Teste.java:70)
]]></failure>
  </testcase>
  <testcase name="teste3" classname="Teste" time="0.015">
    <failure message="expected:&lt;[O Gerente imediato não pôde autorizar o pagamento pelo fato do mesmo estar vencid]o.&gt; but was:&lt;[Pagamento no valor de R$0.01 foi autorizado pelo Diretor financeir]o.&gt;" type="org.junit.ComparisonFailure"><![CDATA[org.junit.ComparisonFailure: expected:<[O Gerente imediato não pôde autorizar o pagamento pelo fato do mesmo estar vencid]o.> but was:<[Pagamento no valor de R$0.01 foi autorizado pelo Diretor financeir]o.>
	at org.junit.Assert.assertEquals(Assert.java:115)
	at org.junit.Assert.assertEquals(Assert.java:144)
	at Teste.teste3(Teste.java:80)
]]></failure>
  </testcase>
  <testcase name="teste4" classname="Teste" time="0">
    <failure message="expected:&lt;[O Gerente imediato não pôde autorizar o pagamento pelo fato do mesmo estar vencido].&gt; but was:&lt;[Pagamento no valor de R$0.01 foi autorizado pelo Diretor geral].&gt;" type="org.junit.ComparisonFailure"><![CDATA[org.junit.ComparisonFailure: expected:<[O Gerente imediato não pôde autorizar o pagamento pelo fato do mesmo estar vencido].> but was:<[Pagamento no valor de R$0.01 foi autorizado pelo Diretor geral].>
	at org.junit.Assert.assertEquals(Assert.java:115)
	at org.junit.Assert.assertEquals(Assert.java:144)
	at Teste.teste4(Teste.java:91)
]]></failure>
  </testcase>
  <testcase name="teste5" classname="Teste" time="0">
    <failure message="expected:&lt;[O Gerente imediato não pôde autorizar o pagamento pelo fato do mesmo estar vencido.]&gt; but was:&lt;[Pagamento não aprovado]&gt;" type="org.junit.ComparisonFailure"><![CDATA[org.junit.ComparisonFailure: expected:<[O Gerente imediato não pôde autorizar o pagamento pelo fato do mesmo estar vencido.]> but was:<[Pagamento não aprovado]>
	at org.junit.Assert.assertEquals(Assert.java:115)
	at org.junit.Assert.assertEquals(Assert.java:144)
	at Teste.teste5(Teste.java:102)
]]></failure>
  </testcase>
  <testcase name="teste6" classname="Teste" time="0">
    <failure message="expected:&lt;[O Gerente imediato não pôde autorizar o pagamento pelo fato do mesmo estar vencid]o.&gt; but was:&lt;[Pagamento no valor de R$500.0 foi autorizado pelo Gerente imediat]o.&gt;" type="org.junit.ComparisonFailure"><![CDATA[org.junit.ComparisonFailure: expected:<[O Gerente imediato não pôde autorizar o pagamento pelo fato do mesmo estar vencid]o.> but was:<[Pagamento no valor de R$500.0 foi autorizado pelo Gerente imediat]o.>
	at org.junit.Assert.assertEquals(Assert.java:115)
	at org.junit.Assert.assertEquals(Assert.java:144)
	at Teste.teste6(Teste.java:113)
]]></failure>
  </testcase>
  <testcase name="teste7" classname="Teste" time="0">
    <failure message="expected:&lt;[O Gerente imediato não pôde autorizar o pagamento pelo fato do mesmo estar vencido].&gt; but was:&lt;[Pagamento no valor de R$500.0 foi autorizado pelo Gerente geral].&gt;" type="org.junit.ComparisonFailure"><![CDATA[org.junit.ComparisonFailure: expected:<[O Gerente imediato não pôde autorizar o pagamento pelo fato do mesmo estar vencido].> but was:<[Pagamento no valor de R$500.0 foi autorizado pelo Gerente geral].>
	at org.junit.Assert.assertEquals(Assert.java:115)
	at org.junit.Assert.assertEquals(Assert.java:144)
	at Teste.teste7(Teste.java:124)
]]></failure>
  </testcase>
  <testcase name="teste8" classname="Teste" time="0">
    <failure message="expected:&lt;[O Gerente imediato não pôde autorizar o pagamento pelo fato do mesmo estar vencid]o.&gt; but was:&lt;[Pagamento no valor de R$500.0 foi autorizado pelo Diretor financeir]o.&gt;" type="org.junit.ComparisonFailure"><![CDATA[org.junit.ComparisonFailure: expected:<[O Gerente imediato não pôde autorizar o pagamento pelo fato do mesmo estar vencid]o.> but was:<[Pagamento no valor de R$500.0 foi autorizado pelo Diretor financeir]o.>
	at org.junit.Assert.assertEquals(Assert.java:115)
	at org.junit.Assert.assertEquals(Assert.java:144)
	at Teste.teste8(Teste.java:135)
]]></failure>
  </testcase>
  <testcase name="teste9" classname="Teste" time="0.016">
    <failure message="expected:&lt;[O Gerente imediato não pôde autorizar o pagamento pelo fato do mesmo estar vencido].&gt; but was:&lt;[Pagamento no valor de R$500.0 foi autorizado pelo Diretor geral].&gt;" type="org.junit.ComparisonFailure"><![CDATA[org.junit.ComparisonFailure: expected:<[O Gerente imediato não pôde autorizar o pagamento pelo fato do mesmo estar vencido].> but was:<[Pagamento no valor de R$500.0 foi autorizado pelo Diretor geral].>
	at org.junit.Assert.assertEquals(Assert.java:115)
	at org.junit.Assert.assertEquals(Assert.java:144)
	at Teste.teste9(Teste.java:146)
]]></failure>
  </testcase>
</testsuite>